<?xml version="1.0" encoding="UTF-8"?>
<testng-results skipped="0" failed="0" ignored="0" total="1" passed="1">
  <reporter-output>
  </reporter-output>
  <suite name="Default suite" duration-ms="30185" started-at="2020-05-31T07:36:13 IST" finished-at="2020-05-31T07:36:44 IST">
    <groups>
    </groups>
    <test name="Default test" duration-ms="30185" started-at="2020-05-31T07:36:13 IST" finished-at="2020-05-31T07:36:44 IST">
      <class name="Testcases.Loginapplication">
        <test-method status="PASS" signature="login()[pri:0, instance:Testcases.Loginapplication@67784306]" name="login" duration-ms="30151" started-at="2020-05-31T07:36:13 IST" finished-at="2020-05-31T07:36:44 IST">
          <reporter-output>
          </reporter-output>
        </test-method> <!-- login -->
      </class> <!-- Testcases.Loginapplication -->
    </test> <!-- Default test -->
  </suite> <!-- Default suite -->
</testng-results>
